
ROM used:   101/8192 (1%)
            101/8192 (1%) including unused fragments

            0.1 Average locations per line
            3.9 Average locations per statement

RAM used:   7/368 (2%) at main() level
            8/368 (2%) worst case

Stack used: 0 worst case (0 in main + 0 for interrupts)
Stack size: 8

Lines Stmts  %   Files
----- ----- ---  -----
   47    26 100  main.c
  629     0   0  ..\..\..\..\Program Files (x86)\PICC\Devices\16f877.h
----- -----
  676    26 Total

Page ROM  %  RAM   Vol Diff  Functions:
---- --- --- ---   --- ----  ----------
0     21  21    1             @delay_ms1
0     76  75    1   662  6.7  main
 Inline         0             @cinit1

Program metrics:
    Functions               1
    Statements              26
    Comments                102
    Volume (V)              667
    Difficulty (D)          6.5
    Effort to implement (E) 4318
    Time to implement (T)   4 minutes
    Est Delivered Bugs (B)  0
    Cyclomatic Complexity   4
    Maintainability (MI)    87

 Segment     Used  Free
-----------  ----  ----
00000-00003     4  0  
00004-007FF    97  1947  
00800-00FFF     0  2048  
01000-017FF     0  2048  
01800-01FFF     0  2048  



